INFO: [VRFC 10-2263] Analyzing Verilog file "E:/GitHub/viVado_Projects/Bike/Bike.gen/sources_1/ip/blk_mem_gen_sigma/sim/blk_mem_gen_sigma.v" into library xil_defaultlib
INFO: [VRFC 10-311] analyzing module blk_mem_gen_sigma
INFO: [VRFC 10-2263] Analyzing Verilog file "E:/GitHub/viVado_Projects/Bike/Bike.gen/sources_1/ip/blk_mem_gen_sk1/sim/blk_mem_gen_sk1.v" into library xil_defaultlib
INFO: [VRFC 10-311] analyzing module blk_mem_gen_sk1
INFO: [VRFC 10-2263] Analyzing Verilog file "E:/GitHub/viVado_Projects/Bike/Bike.gen/sources_1/ip/blk_mem_gen_sk0/sim/blk_mem_gen_sk0.v" into library xil_defaultlib
INFO: [VRFC 10-311] analyzing module blk_mem_gen_sk0
INFO: [VRFC 10-2263] Analyzing Verilog file "E:/GitHub/viVado_Projects/Bike/Bike.gen/sources_1/ip/blk_mem_gen_pk/sim/blk_mem_gen_pk.v" into library xil_defaultlib
INFO: [VRFC 10-311] analyzing module blk_mem_gen_pk
INFO: [VRFC 10-2263] Analyzing Verilog file "E:/GitHub/viVado_Projects/Bike/Bike.srcs/sources_1/imports/ip/blk_mem_gen_sk1/simulation/blk_mem_gen_v8_4.v" into library xil_defaultlib
INFO: [VRFC 10-311] analyzing module STATE_LOGIC_v8_4
INFO: [VRFC 10-311] analyzing module beh_vlog_muxf7_v8_4
INFO: [VRFC 10-311] analyzing module beh_vlog_ff_clr_v8_4
INFO: [VRFC 10-311] analyzing module beh_vlog_ff_pre_v8_4
INFO: [VRFC 10-311] analyzing module beh_vlog_ff_ce_clr_v8_4
INFO: [VRFC 10-311] analyzing module write_netlist_v8_4
INFO: [VRFC 10-311] analyzing module read_netlist_v8_4
INFO: [VRFC 10-311] analyzing module blk_mem_axi_write_wrapper_beh_v8_4
INFO: [VRFC 10-311] analyzing module blk_mem_axi_read_wrapper_beh_v8_4
INFO: [VRFC 10-311] analyzing module blk_mem_axi_regs_fwd_v8_4
INFO: [VRFC 10-311] analyzing module blk_mem_gen_v8_4_9_output_stage
INFO: [VRFC 10-311] analyzing module blk_mem_gen_v8_4_9_softecc_output_reg_stage
INFO: [VRFC 10-311] analyzing module blk_mem_gen_v8_4_9_mem_module
INFO: [VRFC 10-311] analyzing module blk_mem_gen_v8_4_9
INFO: [VRFC 10-2263] Analyzing Verilog file "E:/GitHub/viVado_Projects/Bike/Bike.sim/sim_1/behav/xsim/glbl.v" into library xil_defaultlib
INFO: [VRFC 10-311] analyzing module glbl
