
*** Running vivado
    with args -log TB_BIKE.vdi -applog -m64 -product Vivado -messageDb vivado.pb -mode batch -source TB_BIKE.tcl -notrace



****** Vivado v2024.2 (64-bit)
  **** SW Build 5239630 on Fri Nov 08 22:35:27 MST 2024
  **** IP Build 5239520 on Sun Nov 10 16:12:51 MST 2024
  **** SharedData Build 5239561 on Fri Nov 08 14:39:27 MST 2024
  **** Start of session at: Sun Mar 30 22:42:58 2025
    ** Copyright 1986-2022 Xilinx, Inc. All Rights Reserved.
    ** Copyright 2022-2024 Advanced Micro Devices, Inc. All Rights Reserved.

source TB_BIKE.tcl -notrace
Command: link_design -top TB_BIKE -part xc7z020clg400-1
Design is defaulting to srcset: sources_1
Design is defaulting to constrset: constrs_1
INFO: [Device 21-403] Loading part xc7z020clg400-1
INFO: [Project 1-454] Reading design checkpoint 'e:/GitHub/viVado_Projects/Bike/Bike.gen/sources_1/ip/blk_mem_gen_sigma/blk_mem_gen_sigma.dcp' for cell 'blk_mem_gen_sigma_inst'
INFO: [Project 1-454] Reading design checkpoint 'e:/GitHub/viVado_Projects/Bike/Bike.gen/sources_1/ip/blk_mem_gen_sk0/blk_mem_gen_sk0.dcp' for cell 'blk_mem_gen_sk0_inst'
WARNING: [Netlist 29-739] Bus range ordering inconsistency detected for bus pin blk_mem_gen_sk0_inst/dina. Existing range for black box cell is 13:0, range for replacement cell is 31:0.
WARNING: [Netlist 29-739] Bus range ordering inconsistency detected for bus pin blk_mem_gen_sk0_inst/douta. Existing range for black box cell is 13:0, range for replacement cell is 31:0.
WARNING: [Netlist 29-5] Replacement cell view : blk_mem_gen_sk0 has additional ports (douta[14]) not seen in its original version.
INFO: [Project 1-454] Reading design checkpoint 'e:/GitHub/viVado_Projects/Bike/Bike.gen/sources_1/ip/blk_mem_gen_sk1/blk_mem_gen_sk1.dcp' for cell 'blk_mem_gen_sk1_inst'
WARNING: [Netlist 29-739] Bus range ordering inconsistency detected for bus pin blk_mem_gen_sk1_inst/dina. Existing range for black box cell is 13:0, range for replacement cell is 31:0.
WARNING: [Netlist 29-739] Bus range ordering inconsistency detected for bus pin blk_mem_gen_sk1_inst/douta. Existing range for black box cell is 13:0, range for replacement cell is 31:0.
WARNING: [Netlist 29-5] Replacement cell view : blk_mem_gen_sk1 has additional ports (douta[14]) not seen in its original version.
Netlist sorting complete. Time (s): cpu = 00:00:00 ; elapsed = 00:00:00.018 . Memory (MB): peak = 685.988 ; gain = 0.000
INFO: [Netlist 29-17] Analyzing 10 Unisim elements for replacement
INFO: [Netlist 29-28] Unisim Transformation completed in 0 CPU seconds
INFO: [Project 1-479] Netlist was created with Vivado 2024.2
INFO: [Project 1-570] Preparing netlist for logic optimization
Parsing XDC File [E:/GitHub/viVado_Projects/Bike/Bike.srcs/constrs_1/imports/digilent-xdc-master/Arty-Z7-20-Master.xdc]
Finished Parsing XDC File [E:/GitHub/viVado_Projects/Bike/Bike.srcs/constrs_1/imports/digilent-xdc-master/Arty-Z7-20-Master.xdc]
INFO: [Opt 31-138] Pushed 0 inverter(s) to 0 load pin(s).
Netlist sorting complete. Time (s): cpu = 00:00:00 ; elapsed = 00:00:00 . Memory (MB): peak = 819.457 ; gain = 0.000
INFO: [Project 1-111] Unisim Transformation Summary:
No Unisim elements were transformed.

10 Infos, 6 Warnings, 0 Critical Warnings and 0 Errors encountered.
link_design completed successfully
Command: opt_design
Attempting to get a license for feature 'Implementation' and/or device 'xc7z020'
INFO: [Common 17-349] Got license for feature 'Implementation' and/or device 'xc7z020'
Running DRC as a precondition to command opt_design

Starting DRC Task
INFO: [DRC 23-27] Running DRC with 2 threads
INFO: [Project 1-461] DRC finished with 0 Errors
INFO: [Project 1-462] Please refer to the DRC report (report_drc) for more information.

Time (s): cpu = 00:00:01 ; elapsed = 00:00:01 . Memory (MB): peak = 857.086 ; gain = 37.629

Starting Cache Timing Information Task
INFO: [Timing 38-35] Done setting XDC timing constraints.
Ending Cache Timing Information Task | Checksum: f1f5fd95

Time (s): cpu = 00:00:06 ; elapsed = 00:00:07 . Memory (MB): peak = 1385.293 ; gain = 528.207

Starting Logic Optimization Task

Phase 1 Initialization

Phase 1.1 Core Generation And Design Setup
Phase 1.1 Core Generation And Design Setup | Checksum: f1f5fd95

Time (s): cpu = 00:00:00 ; elapsed = 00:00:00.002 . Memory (MB): peak = 1786.922 ; gain = 0.000

Phase 1.2 Setup Constraints And Sort Netlist
Phase 1.2 Setup Constraints And Sort Netlist | Checksum: f1f5fd95

Time (s): cpu = 00:00:00 ; elapsed = 00:00:00.004 . Memory (MB): peak = 1786.922 ; gain = 0.000
Phase 1 Initialization | Checksum: f1f5fd95

Time (s): cpu = 00:00:00 ; elapsed = 00:00:00.004 . Memory (MB): peak = 1786.922 ; gain = 0.000

Phase 2 Timer Update And Timing Data Collection

Phase 2.1 Timer Update
Phase 2.1 Timer Update | Checksum: f1f5fd95

Time (s): cpu = 00:00:00 ; elapsed = 00:00:00.019 . Memory (MB): peak = 1786.922 ; gain = 0.000

Phase 2.2 Timing Data Collection
Phase 2.2 Timing Data Collection | Checksum: f1f5fd95

Time (s): cpu = 00:00:00 ; elapsed = 00:00:00.024 . Memory (MB): peak = 1786.922 ; gain = 0.000
Phase 2 Timer Update And Timing Data Collection | Checksum: f1f5fd95

Time (s): cpu = 00:00:00 ; elapsed = 00:00:00.024 . Memory (MB): peak = 1786.922 ; gain = 0.000

Phase 3 Retarget
INFO: [Opt 31-1851] Number of loadless carry chains removed were: 0
INFO: [Opt 31-1834] Total Chains To Be Transformed Were: 0 AND Number of Transformed insts Created are: 0
INFO: [Opt 31-138] Pushed 0 inverter(s) to 0 load pin(s).
INFO: [Opt 31-49] Retargeted 0 cell(s).
Phase 3 Retarget | Checksum: f1f5fd95

Time (s): cpu = 00:00:00 ; elapsed = 00:00:00.038 . Memory (MB): peak = 1786.922 ; gain = 0.000
Retarget | Checksum: f1f5fd95
INFO: [Opt 31-389] Phase Retarget created 0 cells and removed 0 cells

Phase 4 Constant propagation
INFO: [Opt 31-138] Pushed 0 inverter(s) to 0 load pin(s).
Phase 4 Constant propagation | Checksum: f61c9e27

Time (s): cpu = 00:00:00 ; elapsed = 00:00:00.046 . Memory (MB): peak = 1786.922 ; gain = 0.000
Constant propagation | Checksum: f61c9e27
INFO: [Opt 31-389] Phase Constant propagation created 1 cells and removed 3 cells

Phase 5 Sweep
INFO: [Constraints 18-11670] Building netlist checker database with flags, 0x8
Done building netlist checker database: Time (s): cpu = 00:00:00 ; elapsed = 00:00:00.001 . Memory (MB): peak = 1786.922 ; gain = 0.000
INFO: [Constraints 18-11670] Building netlist checker database with flags, 0x8
Done building netlist checker database: Time (s): cpu = 00:00:00 ; elapsed = 00:00:00 . Memory (MB): peak = 1786.922 ; gain = 0.000
Phase 5 Sweep | Checksum: 1ba6dd069

Time (s): cpu = 00:00:00 ; elapsed = 00:00:00.068 . Memory (MB): peak = 1786.922 ; gain = 0.000
Sweep | Checksum: 1ba6dd069
INFO: [Opt 31-389] Phase Sweep created 1 cells and removed 19 cells

Phase 6 BUFG optimization
Phase 6 BUFG optimization | Checksum: 1ba6dd069

Time (s): cpu = 00:00:00 ; elapsed = 00:00:00.105 . Memory (MB): peak = 1786.922 ; gain = 0.000
BUFG optimization | Checksum: 1ba6dd069
INFO: [Opt 31-662] Phase BUFG optimization created 0 cells of which 0 are BUFGs and removed 0 cells.

Phase 7 Shift Register Optimization
INFO: [Opt 31-1064] SRL Remap converted 0 SRLs to 0 registers and converted 0 registers of register chains to 0 SRLs
Phase 7 Shift Register Optimization | Checksum: 1ba6dd069

Time (s): cpu = 00:00:00 ; elapsed = 00:00:00.106 . Memory (MB): peak = 1786.922 ; gain = 0.000
Shift Register Optimization | Checksum: 1ba6dd069
INFO: [Opt 31-389] Phase Shift Register Optimization created 0 cells and removed 0 cells

Phase 8 Post Processing Netlist
Phase 8 Post Processing Netlist | Checksum: f18695df

Time (s): cpu = 00:00:00 ; elapsed = 00:00:00.110 . Memory (MB): peak = 1786.922 ; gain = 0.000
Post Processing Netlist | Checksum: f18695df
INFO: [Opt 31-389] Phase Post Processing Netlist created 0 cells and removed 0 cells

Phase 9 Finalization

Phase 9.1 Finalizing Design Cores and Updating Shapes
Phase 9.1 Finalizing Design Cores and Updating Shapes | Checksum: 246287b58

Time (s): cpu = 00:00:00 ; elapsed = 00:00:00.120 . Memory (MB): peak = 1786.922 ; gain = 0.000

Phase 9.2 Verifying Netlist Connectivity

Starting Connectivity Check Task

Time (s): cpu = 00:00:00 ; elapsed = 00:00:00.006 . Memory (MB): peak = 1786.922 ; gain = 0.000
Phase 9.2 Verifying Netlist Connectivity | Checksum: 246287b58

Time (s): cpu = 00:00:00 ; elapsed = 00:00:00.126 . Memory (MB): peak = 1786.922 ; gain = 0.000
Phase 9 Finalization | Checksum: 246287b58

Time (s): cpu = 00:00:00 ; elapsed = 00:00:00.127 . Memory (MB): peak = 1786.922 ; gain = 0.000
Opt_design Change Summary
=========================


-------------------------------------------------------------------------------------------------------------------------
|  Phase                        |  #Cells created  |  #Cells Removed  |  #Constrained objects preventing optimizations  |
-------------------------------------------------------------------------------------------------------------------------
|  Retarget                     |               0  |               0  |                                              0  |
|  Constant propagation         |               1  |               3  |                                              0  |
|  Sweep                        |               1  |              19  |                                              0  |
|  BUFG optimization            |               0  |               0  |                                              0  |
|  Shift Register Optimization  |               0  |               0  |                                              0  |
|  Post Processing Netlist      |               0  |               0  |                                              0  |
-------------------------------------------------------------------------------------------------------------------------


Ending Logic Optimization Task | Checksum: 246287b58

Time (s): cpu = 00:00:00 ; elapsed = 00:00:00.128 . Memory (MB): peak = 1786.922 ; gain = 0.000

Starting Power Optimization Task
INFO: [Pwropt 34-132] Skipping clock gating for clocks with a period < 2.00 ns.
INFO: [Timing 38-35] Done setting XDC timing constraints.
Running Vector-less Activity Propagation...

Finished Running Vector-less Activity Propagation
INFO: [Pwropt 34-9] Applying IDT optimizations ...
INFO: [Pwropt 34-10] Applying ODC optimizations ...


Starting PowerOpt Patch Enables Task
INFO: [Pwropt 34-162] WRITE_MODE attribute of 0 BRAM(s) out of a total of 4 has been updated to save power. Run report_power_opt to get a complete listing of the BRAMs updated.
INFO: [Pwropt 34-201] Structural ODC has moved 2 WE to EN ports
Number of BRAM Ports augmented: 0 newly gated: 8 Total Ports: 8
Ending PowerOpt Patch Enables Task | Checksum: 220814a6b

Time (s): cpu = 00:00:00 ; elapsed = 00:00:00.018 . Memory (MB): peak = 1864.047 ; gain = 0.000
Ending Power Optimization Task | Checksum: 220814a6b

Time (s): cpu = 00:00:01 ; elapsed = 00:00:00.954 . Memory (MB): peak = 1864.047 ; gain = 77.125

Starting Final Cleanup Task
Ending Final Cleanup Task | Checksum: 220814a6b

Time (s): cpu = 00:00:00 ; elapsed = 00:00:00 . Memory (MB): peak = 1864.047 ; gain = 0.000

Starting Netlist Obfuscation Task
Netlist sorting complete. Time (s): cpu = 00:00:00 ; elapsed = 00:00:00.001 . Memory (MB): peak = 1864.047 ; gain = 0.000
Ending Netlist Obfuscation Task | Checksum: 26caab76b

Time (s): cpu = 00:00:00 ; elapsed = 00:00:00.002 . Memory (MB): peak = 1864.047 ; gain = 0.000
INFO: [Common 17-83] Releasing license: Implementation
36 Infos, 6 Warnings, 0 Critical Warnings and 0 Errors encountered.
opt_design completed successfully
opt_design: Time (s): cpu = 00:00:11 ; elapsed = 00:00:13 . Memory (MB): peak = 1864.047 ; gain = 1044.590
INFO: [Vivado 12-24828] Executing command : report_drc -file TB_BIKE_drc_opted.rpt -pb TB_BIKE_drc_opted.pb -rpx TB_BIKE_drc_opted.rpx
Command: report_drc -file TB_BIKE_drc_opted.rpt -pb TB_BIKE_drc_opted.pb -rpx TB_BIKE_drc_opted.rpx
INFO: [IP_Flow 19-1839] IP Catalog is up to date.
INFO: [DRC 23-27] Running DRC with 2 threads
INFO: [Vivado_Tcl 2-168] The results of DRC are in file E:/GitHub/viVado_Projects/Bike/Bike.runs/impl_1/TB_BIKE_drc_opted.rpt.
report_drc completed successfully
INFO: [Timing 38-480] Writing timing data to binary archive.
Write ShapeDB Complete: Time (s): cpu = 00:00:00 ; elapsed = 00:00:00.002 . Memory (MB): peak = 1864.047 ; gain = 0.000
Wrote PlaceDB: Time (s): cpu = 00:00:00 ; elapsed = 00:00:00 . Memory (MB): peak = 1864.047 ; gain = 0.000
Wrote PulsedLatchDB: Time (s): cpu = 00:00:00 ; elapsed = 00:00:00 . Memory (MB): peak = 1864.047 ; gain = 0.000
Writing XDEF routing.
Writing XDEF routing logical nets.
Writing XDEF routing special nets.
Wrote RouteStorage: Time (s): cpu = 00:00:01 ; elapsed = 00:00:00.026 . Memory (MB): peak = 1864.047 ; gain = 0.000
Wrote Netlist Cache: Time (s): cpu = 00:00:00 ; elapsed = 00:00:00 . Memory (MB): peak = 1864.047 ; gain = 0.000
Wrote Device Cache: Time (s): cpu = 00:00:00 ; elapsed = 00:00:00.016 . Memory (MB): peak = 1864.047 ; gain = 0.000
Write Physdb Complete: Time (s): cpu = 00:00:01 ; elapsed = 00:00:00.051 . Memory (MB): peak = 1864.047 ; gain = 0.000
INFO: [Common 17-1381] The checkpoint 'E:/GitHub/viVado_Projects/Bike/Bike.runs/impl_1/TB_BIKE_opt.dcp' has been generated.
Command: place_design
Attempting to get a license for feature 'Implementation' and/or device 'xc7z020'
INFO: [Common 17-349] Got license for feature 'Implementation' and/or device 'xc7z020'
INFO: [Common 17-83] Releasing license: Implementation
INFO: [DRC 23-27] Running DRC with 2 threads
INFO: [Vivado_Tcl 4-198] DRC finished with 0 Errors
INFO: [Vivado_Tcl 4-199] Please refer to the DRC report (report_drc) for more information.
Running DRC as a precondition to command place_design
INFO: [DRC 23-27] Running DRC with 2 threads
INFO: [Vivado_Tcl 4-198] DRC finished with 0 Errors
INFO: [Vivado_Tcl 4-199] Please refer to the DRC report (report_drc) for more information.
INFO: [Place 30-611] Multithreading enabled for place_design using a maximum of 2 CPUs

Starting Placer Task

Phase 1 Placer Initialization

Phase 1.1 Placer Initialization Netlist Sorting
Netlist sorting complete. Time (s): cpu = 00:00:00 ; elapsed = 00:00:00.001 . Memory (MB): peak = 1864.047 ; gain = 0.000
Phase 1.1 Placer Initialization Netlist Sorting | Checksum: 18b6ca29e

Time (s): cpu = 00:00:00 ; elapsed = 00:00:00.001 . Memory (MB): peak = 1864.047 ; gain = 0.000
Netlist sorting complete. Time (s): cpu = 00:00:00 ; elapsed = 00:00:00 . Memory (MB): peak = 1864.047 ; gain = 0.000

Phase 1.2 IO Placement/ Clock Placement/ Build Placer Device
INFO: [Timing 38-35] Done setting XDC timing constraints.
Phase 1.2 IO Placement/ Clock Placement/ Build Placer Device | Checksum: 148166d19

Time (s): cpu = 00:00:00 ; elapsed = 00:00:00.329 . Memory (MB): peak = 1864.047 ; gain = 0.000

Phase 1.3 Build Placer Netlist Model
Phase 1.3 Build Placer Netlist Model | Checksum: 158233eb9

Time (s): cpu = 00:00:00 ; elapsed = 00:00:00.514 . Memory (MB): peak = 1864.047 ; gain = 0.000

Phase 1.4 Constrain Clocks/Macros
Phase 1.4 Constrain Clocks/Macros | Checksum: 158233eb9

Time (s): cpu = 00:00:00 ; elapsed = 00:00:00.517 . Memory (MB): peak = 1864.047 ; gain = 0.000
Phase 1 Placer Initialization | Checksum: 158233eb9

Time (s): cpu = 00:00:00 ; elapsed = 00:00:00.520 . Memory (MB): peak = 1864.047 ; gain = 0.000

Phase 2 Global Placement

Phase 2.1 Floorplanning
Phase 2.1 Floorplanning | Checksum: 1ad179b5e

Time (s): cpu = 00:00:00 ; elapsed = 00:00:00.607 . Memory (MB): peak = 1864.047 ; gain = 0.000

Phase 2.2 Update Timing before SLR Path Opt
Phase 2.2 Update Timing before SLR Path Opt | Checksum: 1c688fccc

Time (s): cpu = 00:00:00 ; elapsed = 00:00:00.687 . Memory (MB): peak = 1864.047 ; gain = 0.000

Phase 2.3 Post-Processing in Floorplanning
Phase 2.3 Post-Processing in Floorplanning | Checksum: 1c688fccc

Time (s): cpu = 00:00:00 ; elapsed = 00:00:00.688 . Memory (MB): peak = 1864.047 ; gain = 0.000

Phase 2.4 Global Place Phase1
Phase 2.4 Global Place Phase1 | Checksum: 24bd3ec5f

Time (s): cpu = 00:00:01 ; elapsed = 00:00:02 . Memory (MB): peak = 1864.047 ; gain = 0.000

Phase 2.5 Global Place Phase2

Phase 2.5.1 UpdateTiming Before Physical Synthesis
Phase 2.5.1 UpdateTiming Before Physical Synthesis | Checksum: 1f8f414c3

Time (s): cpu = 00:00:01 ; elapsed = 00:00:02 . Memory (MB): peak = 1864.047 ; gain = 0.000

Phase 2.5.2 Physical Synthesis In Placer
INFO: [Physopt 32-1035] Found 0 LUTNM shape to break, 23 LUT instances to create LUTNM shape
INFO: [Physopt 32-1044] Break lutnm for timing: one critical 0, two critical 0, total 0, new lutff created 0
INFO: [Physopt 32-1138] End 1 Pass. Optimized 7 nets or LUTs. Breaked 0 LUT, combined 7 existing LUTs and moved 0 existing LUT
INFO: [Physopt 32-65] No nets found for high-fanout optimization.
INFO: [Physopt 32-232] Optimized 0 net. Created 0 new instance.
INFO: [Physopt 32-775] End 1 Pass. Optimized 0 net or cell. Created 0 new cell, deleted 0 existing cell and moved 0 existing cell
INFO: [Physopt 32-670] No setup violation found.  DSP Register Optimization was not performed.
INFO: [Physopt 32-670] No setup violation found.  Shift Register to Pipeline Optimization was not performed.
INFO: [Physopt 32-670] No setup violation found.  Shift Register Optimization was not performed.
INFO: [Physopt 32-670] No setup violation found.  BRAM Register Optimization was not performed.
INFO: [Physopt 32-670] No setup violation found.  URAM Register Optimization was not performed.
INFO: [Physopt 32-949] No candidate nets found for dynamic/static region interface net replication
INFO: [Physopt 32-775] End 1 Pass. Optimized 0 net or cell. Created 0 new cell, deleted 0 existing cell and moved 0 existing cell
Netlist sorting complete. Time (s): cpu = 00:00:00 ; elapsed = 00:00:00 . Memory (MB): peak = 1864.047 ; gain = 0.000

Summary of Physical Synthesis Optimizations
============================================


-----------------------------------------------------------------------------------------------------------------------------------------------------------
|  Optimization                                     |  Added Cells  |  Removed Cells  |  Optimized Cells/Nets  |  Dont Touch  |  Iterations  |  Elapsed   |
-----------------------------------------------------------------------------------------------------------------------------------------------------------
|  LUT Combining                                    |            0  |              7  |                     7  |           0  |           1  |  00:00:00  |
|  Retime                                           |            0  |              0  |                     0  |           0  |           1  |  00:00:00  |
|  Very High Fanout                                 |            0  |              0  |                     0  |           0  |           1  |  00:00:00  |
|  DSP Register                                     |            0  |              0  |                     0  |           0  |           0  |  00:00:00  |
|  Shift Register to Pipeline                       |            0  |              0  |                     0  |           0  |           0  |  00:00:00  |
|  Shift Register                                   |            0  |              0  |                     0  |           0  |           0  |  00:00:00  |
|  BRAM Register                                    |            0  |              0  |                     0  |           0  |           0  |  00:00:00  |
|  URAM Register                                    |            0  |              0  |                     0  |           0  |           0  |  00:00:00  |
|  Dynamic/Static Region Interface Net Replication  |            0  |              0  |                     0  |           0  |           1  |  00:00:00  |
|  Total                                            |            0  |              7  |                     7  |           0  |           4  |  00:00:00  |
-----------------------------------------------------------------------------------------------------------------------------------------------------------


Phase 2.5.2 Physical Synthesis In Placer | Checksum: 107f213f3

Time (s): cpu = 00:00:02 ; elapsed = 00:00:02 . Memory (MB): peak = 1864.047 ; gain = 0.000
Phase 2.5 Global Place Phase2 | Checksum: 1d179a8d4

Time (s): cpu = 00:00:02 ; elapsed = 00:00:03 . Memory (MB): peak = 1864.047 ; gain = 0.000
Phase 2 Global Placement | Checksum: 1d179a8d4

Time (s): cpu = 00:00:02 ; elapsed = 00:00:03 . Memory (MB): peak = 1864.047 ; gain = 0.000

Phase 3 Detail Placement

Phase 3.1 Commit Multi Column Macros
Phase 3.1 Commit Multi Column Macros | Checksum: 1ce751fcc

Time (s): cpu = 00:00:02 ; elapsed = 00:00:03 . Memory (MB): peak = 1864.047 ; gain = 0.000

Phase 3.2 Commit Most Macros & LUTRAMs
Phase 3.2 Commit Most Macros & LUTRAMs | Checksum: 13eed91fd

Time (s): cpu = 00:00:02 ; elapsed = 00:00:03 . Memory (MB): peak = 1864.047 ; gain = 0.000

Phase 3.3 Area Swap Optimization
Phase 3.3 Area Swap Optimization | Checksum: 15da7161d

Time (s): cpu = 00:00:02 ; elapsed = 00:00:03 . Memory (MB): peak = 1864.047 ; gain = 0.000

Phase 3.4 Pipeline Register Optimization
Phase 3.4 Pipeline Register Optimization | Checksum: dac0806f

Time (s): cpu = 00:00:02 ; elapsed = 00:00:03 . Memory (MB): peak = 1864.047 ; gain = 0.000

Phase 3.5 Small Shape Detail Placement
Phase 3.5 Small Shape Detail Placement | Checksum: 18a4a3425

Time (s): cpu = 00:00:02 ; elapsed = 00:00:03 . Memory (MB): peak = 1864.047 ; gain = 0.000

Phase 3.6 Re-assign LUT pins
Phase 3.6 Re-assign LUT pins | Checksum: 11bb9cef5

Time (s): cpu = 00:00:02 ; elapsed = 00:00:03 . Memory (MB): peak = 1864.047 ; gain = 0.000

Phase 3.7 Pipeline Register Optimization
Phase 3.7 Pipeline Register Optimization | Checksum: 1a0d0da87

Time (s): cpu = 00:00:02 ; elapsed = 00:00:03 . Memory (MB): peak = 1864.047 ; gain = 0.000
Phase 3 Detail Placement | Checksum: 1a0d0da87

Time (s): cpu = 00:00:02 ; elapsed = 00:00:03 . Memory (MB): peak = 1864.047 ; gain = 0.000

Phase 4 Post Placement Optimization and Clean-Up

Phase 4.1 Post Commit Optimization
INFO: [Timing 38-35] Done setting XDC timing constraints.

Phase 4.1.1 Post Placement Optimization
Post Placement Optimization Initialization | Checksum: 1922bdf1d

Phase 4.1.1.1 BUFG Insertion

Starting Physical Synthesis Task

Phase 1 Physical Synthesis Initialization
INFO: [Physopt 32-721] Multithreading enabled for phys_opt_design using a maximum of 2 CPUs
INFO: [Physopt 32-619] Estimated Timing Summary | WNS=1.424 | TNS=0.000 |
Phase 1 Physical Synthesis Initialization | Checksum: 1e8f29149

Time (s): cpu = 00:00:00 ; elapsed = 00:00:00.030 . Memory (MB): peak = 1864.047 ; gain = 0.000
INFO: [Place 46-56] BUFG insertion identified 0 candidate nets. Inserted BUFG: 0, Replicated BUFG Driver: 0, Skipped due to Placement/Routing Conflicts: 0, Skipped due to Timing Degradation: 0, Skipped due to netlist editing failed: 0.
Ending Physical Synthesis Task | Checksum: 1d94ce34d

Time (s): cpu = 00:00:00 ; elapsed = 00:00:00.034 . Memory (MB): peak = 1864.047 ; gain = 0.000
Phase 4.1.1.1 BUFG Insertion | Checksum: 1922bdf1d

Time (s): cpu = 00:00:02 ; elapsed = 00:00:03 . Memory (MB): peak = 1864.047 ; gain = 0.000

Phase 4.1.1.2 Post Placement Timing Optimization
INFO: [Place 30-746] Post Placement Timing Summary WNS=1.424. For the most accurate timing information please run report_timing.
Phase 4.1.1.2 Post Placement Timing Optimization | Checksum: 1a1b6f330

Time (s): cpu = 00:00:02 ; elapsed = 00:00:03 . Memory (MB): peak = 1864.047 ; gain = 0.000

Time (s): cpu = 00:00:02 ; elapsed = 00:00:03 . Memory (MB): peak = 1864.047 ; gain = 0.000
Phase 4.1 Post Commit Optimization | Checksum: 1a1b6f330

Time (s): cpu = 00:00:02 ; elapsed = 00:00:03 . Memory (MB): peak = 1864.047 ; gain = 0.000

Phase 4.2 Post Placement Cleanup
Phase 4.2 Post Placement Cleanup | Checksum: 1a1b6f330

Time (s): cpu = 00:00:02 ; elapsed = 00:00:03 . Memory (MB): peak = 1864.047 ; gain = 0.000

Phase 4.3 Placer Reporting

Phase 4.3.1 Print Estimated Congestion
INFO: [Place 30-612] Post-Placement Estimated Congestion 
 ____________________________________________________
|           | Global Congestion | Short Congestion  |
| Direction | Region Size       | Region Size       |
|___________|___________________|___________________|
|      North|                1x1|                1x1|
|___________|___________________|___________________|
|      South|                1x1|                1x1|
|___________|___________________|___________________|
|       East|                1x1|                1x1|
|___________|___________________|___________________|
|       West|                1x1|                1x1|
|___________|___________________|___________________|

Phase 4.3.1 Print Estimated Congestion | Checksum: 1a1b6f330

Time (s): cpu = 00:00:02 ; elapsed = 00:00:03 . Memory (MB): peak = 1864.047 ; gain = 0.000
Phase 4.3 Placer Reporting | Checksum: 1a1b6f330

Time (s): cpu = 00:00:02 ; elapsed = 00:00:03 . Memory (MB): peak = 1864.047 ; gain = 0.000

Phase 4.4 Final Placement Cleanup
Netlist sorting complete. Time (s): cpu = 00:00:00 ; elapsed = 00:00:00 . Memory (MB): peak = 1864.047 ; gain = 0.000

Time (s): cpu = 00:00:02 ; elapsed = 00:00:03 . Memory (MB): peak = 1864.047 ; gain = 0.000
Phase 4 Post Placement Optimization and Clean-Up | Checksum: 1fd93094b

Time (s): cpu = 00:00:02 ; elapsed = 00:00:03 . Memory (MB): peak = 1864.047 ; gain = 0.000
Ending Placer Task | Checksum: 153eae49b

Time (s): cpu = 00:00:02 ; elapsed = 00:00:03 . Memory (MB): peak = 1864.047 ; gain = 0.000
71 Infos, 6 Warnings, 0 Critical Warnings and 0 Errors encountered.
place_design completed successfully
INFO: [Vivado 12-24838] Running report commands "report_control_sets, report_io, report_utilization" in parallel.
Running report generation with 2 threads.
INFO: [Vivado 12-24828] Executing command : report_utilization -file TB_BIKE_utilization_placed.rpt -pb TB_BIKE_utilization_placed.pb
INFO: [Vivado 12-24828] Executing command : report_io -file TB_BIKE_io_placed.rpt
report_io: Time (s): cpu = 00:00:00 ; elapsed = 00:00:00.058 . Memory (MB): peak = 1864.047 ; gain = 0.000
INFO: [Vivado 12-24828] Executing command : report_control_sets -verbose -file TB_BIKE_control_sets_placed.rpt
report_control_sets: Time (s): cpu = 00:00:00 ; elapsed = 00:00:00.003 . Memory (MB): peak = 1864.047 ; gain = 0.000
INFO: [Timing 38-480] Writing timing data to binary archive.
Write ShapeDB Complete: Time (s): cpu = 00:00:00 ; elapsed = 00:00:00.003 . Memory (MB): peak = 1864.047 ; gain = 0.000
Wrote PlaceDB: Time (s): cpu = 00:00:00 ; elapsed = 00:00:00.049 . Memory (MB): peak = 1864.047 ; gain = 0.000
Wrote PulsedLatchDB: Time (s): cpu = 00:00:00 ; elapsed = 00:00:00 . Memory (MB): peak = 1864.047 ; gain = 0.000
Writing XDEF routing.
Writing XDEF routing logical nets.
Writing XDEF routing special nets.
Wrote RouteStorage: Time (s): cpu = 00:00:00 ; elapsed = 00:00:00.023 . Memory (MB): peak = 1864.047 ; gain = 0.000
Wrote Netlist Cache: Time (s): cpu = 00:00:00 ; elapsed = 00:00:00.001 . Memory (MB): peak = 1864.047 ; gain = 0.000
Wrote Device Cache: Time (s): cpu = 00:00:00 ; elapsed = 00:00:00.009 . Memory (MB): peak = 1864.047 ; gain = 0.000
Write Physdb Complete: Time (s): cpu = 00:00:00 ; elapsed = 00:00:00.089 . Memory (MB): peak = 1864.047 ; gain = 0.000
INFO: [Common 17-1381] The checkpoint 'E:/GitHub/viVado_Projects/Bike/Bike.runs/impl_1/TB_BIKE_placed.dcp' has been generated.
Command: phys_opt_design
Attempting to get a license for feature 'Implementation' and/or device 'xc7z020'
INFO: [Common 17-349] Got license for feature 'Implementation' and/or device 'xc7z020'

Starting Initial Update Timing Task

Time (s): cpu = 00:00:00 ; elapsed = 00:00:00.087 . Memory (MB): peak = 1864.047 ; gain = 0.000
INFO: [Vivado_Tcl 4-2279] Estimated Timing Summary | WNS= 1.424 | TNS= 0.000 | 
INFO: [Vivado_Tcl 4-383] Design worst setup slack (WNS) is greater than or equal to 0.000 ns. All physical synthesis setup optimizations will be skipped.
INFO: [Vivado_Tcl 4-232] No setup violation found. The netlist was not modified.
INFO: [Common 17-83] Releasing license: Implementation
82 Infos, 6 Warnings, 0 Critical Warnings and 0 Errors encountered.
phys_opt_design completed successfully
INFO: [Timing 38-480] Writing timing data to binary archive.
Write ShapeDB Complete: Time (s): cpu = 00:00:00 ; elapsed = 00:00:00.003 . Memory (MB): peak = 1864.047 ; gain = 0.000
Wrote PlaceDB: Time (s): cpu = 00:00:00 ; elapsed = 00:00:00.044 . Memory (MB): peak = 1864.047 ; gain = 0.000
Wrote PulsedLatchDB: Time (s): cpu = 00:00:00 ; elapsed = 00:00:00 . Memory (MB): peak = 1864.047 ; gain = 0.000
Writing XDEF routing.
Writing XDEF routing logical nets.
Writing XDEF routing special nets.
Wrote RouteStorage: Time (s): cpu = 00:00:00 ; elapsed = 00:00:00.029 . Memory (MB): peak = 1864.047 ; gain = 0.000
Wrote Netlist Cache: Time (s): cpu = 00:00:00 ; elapsed = 00:00:00.002 . Memory (MB): peak = 1864.047 ; gain = 0.000
Wrote Device Cache: Time (s): cpu = 00:00:00 ; elapsed = 00:00:00.009 . Memory (MB): peak = 1864.047 ; gain = 0.000
Write Physdb Complete: Time (s): cpu = 00:00:00 ; elapsed = 00:00:00.091 . Memory (MB): peak = 1864.047 ; gain = 0.000
INFO: [Common 17-1381] The checkpoint 'E:/GitHub/viVado_Projects/Bike/Bike.runs/impl_1/TB_BIKE_physopt.dcp' has been generated.
Command: route_design
Attempting to get a license for feature 'Implementation' and/or device 'xc7z020'
INFO: [Common 17-349] Got license for feature 'Implementation' and/or device 'xc7z020'


Starting Routing Task
INFO: [Route 35-254] Multithreading enabled for route_design using a maximum of 2 CPUs

Phase 1 Build RT Design
Checksum: PlaceDB: 747defb1 ConstDB: 0 ShapeSum: c97381fa RouteDB: 15f972f0
Post Restoration Checksum: NetGraph: e012a09a | NumContArr: 2ea8cf3b | Constraints: c2a8fa9d | Timing: c2a8fa9d
Phase 1 Build RT Design | Checksum: 2940d650f

Time (s): cpu = 00:00:26 ; elapsed = 00:00:26 . Memory (MB): peak = 1926.312 ; gain = 62.266

Phase 2 Router Initialization

Phase 2.1 Fix Topology Constraints
Phase 2.1 Fix Topology Constraints | Checksum: 2940d650f

Time (s): cpu = 00:00:26 ; elapsed = 00:00:26 . Memory (MB): peak = 1926.312 ; gain = 62.266

Phase 2.2 Pre Route Cleanup
Phase 2.2 Pre Route Cleanup | Checksum: 2940d650f

Time (s): cpu = 00:00:26 ; elapsed = 00:00:26 . Memory (MB): peak = 1926.312 ; gain = 62.266
 Number of Nodes with overlaps = 0

Phase 2.3 Update Timing
Phase 2.3 Update Timing | Checksum: 17b6ef9ca

Time (s): cpu = 00:00:27 ; elapsed = 00:00:27 . Memory (MB): peak = 1964.020 ; gain = 99.973
INFO: [Route 35-416] Intermediate Timing Summary | WNS=1.356  | TNS=0.000  | WHS=-0.119 | THS=-6.737 |


Router Utilization Summary
  Global Vertical Routing Utilization    = 0 %
  Global Horizontal Routing Utilization  = 0 %
  Routable Net Status*
  *Does not include unroutable nets such as driverless and loadless.
  Run report_route_status for detailed report.
  Number of Failed Nets               = 491
    (Failed Nets is the sum of unrouted and partially routed nets)
  Number of Unrouted Nets             = 491
  Number of Partially Routed Nets     = 0
  Number of Node Overlaps             = 0

Phase 2 Router Initialization | Checksum: 1f63595dd

Time (s): cpu = 00:00:27 ; elapsed = 00:00:27 . Memory (MB): peak = 1964.020 ; gain = 99.973

Phase 3 Global Routing
Phase 3 Global Routing | Checksum: 1f63595dd

Time (s): cpu = 00:00:27 ; elapsed = 00:00:27 . Memory (MB): peak = 1964.020 ; gain = 99.973

Phase 4 Initial Routing

Phase 4.1 Initial Net Routing Pass
Phase 4.1 Initial Net Routing Pass | Checksum: 312585854

Time (s): cpu = 00:00:27 ; elapsed = 00:00:27 . Memory (MB): peak = 1964.020 ; gain = 99.973
Phase 4 Initial Routing | Checksum: 312585854

Time (s): cpu = 00:00:27 ; elapsed = 00:00:27 . Memory (MB): peak = 1964.020 ; gain = 99.973

Phase 5 Rip-up And Reroute

Phase 5.1 Global Iteration 0
 Number of Nodes with overlaps = 64
 Number of Nodes with overlaps = 12
 Number of Nodes with overlaps = 2
 Number of Nodes with overlaps = 0
INFO: [Route 35-416] Intermediate Timing Summary | WNS=1.724  | TNS=0.000  | WHS=N/A    | THS=N/A    |

Phase 5.1 Global Iteration 0 | Checksum: 246bbdd9f

Time (s): cpu = 00:00:27 ; elapsed = 00:00:28 . Memory (MB): peak = 1964.020 ; gain = 99.973

Phase 5.2 Global Iteration 1
 Number of Nodes with overlaps = 1
 Number of Nodes with overlaps = 0
INFO: [Route 35-416] Intermediate Timing Summary | WNS=1.724  | TNS=0.000  | WHS=N/A    | THS=N/A    |

Phase 5.2 Global Iteration 1 | Checksum: 286dd01e8

Time (s): cpu = 00:00:27 ; elapsed = 00:00:28 . Memory (MB): peak = 1964.020 ; gain = 99.973
Phase 5 Rip-up And Reroute | Checksum: 286dd01e8

Time (s): cpu = 00:00:27 ; elapsed = 00:00:28 . Memory (MB): peak = 1964.020 ; gain = 99.973

Phase 6 Delay and Skew Optimization

Phase 6.1 Delay CleanUp
Phase 6.1 Delay CleanUp | Checksum: 286dd01e8

Time (s): cpu = 00:00:27 ; elapsed = 00:00:28 . Memory (MB): peak = 1964.020 ; gain = 99.973

Phase 6.2 Clock Skew Optimization
Phase 6.2 Clock Skew Optimization | Checksum: 286dd01e8

Time (s): cpu = 00:00:27 ; elapsed = 00:00:28 . Memory (MB): peak = 1964.020 ; gain = 99.973
Phase 6 Delay and Skew Optimization | Checksum: 286dd01e8

Time (s): cpu = 00:00:27 ; elapsed = 00:00:28 . Memory (MB): peak = 1964.020 ; gain = 99.973

Phase 7 Post Hold Fix

Phase 7.1 Hold Fix Iter
INFO: [Route 35-416] Intermediate Timing Summary | WNS=1.839  | TNS=0.000  | WHS=0.144  | THS=0.000  |

Phase 7.1 Hold Fix Iter | Checksum: 285cf34c0

Time (s): cpu = 00:00:27 ; elapsed = 00:00:28 . Memory (MB): peak = 1964.020 ; gain = 99.973
Phase 7 Post Hold Fix | Checksum: 285cf34c0

Time (s): cpu = 00:00:27 ; elapsed = 00:00:28 . Memory (MB): peak = 1964.020 ; gain = 99.973

Phase 8 Route finalize

Router Utilization Summary
  Global Vertical Routing Utilization    = 0.0642539 %
  Global Horizontal Routing Utilization  = 0.0824037 %
  Routable Net Status*
  *Does not include unroutable nets such as driverless and loadless.
  Run report_route_status for detailed report.
  Number of Failed Nets               = 0
    (Failed Nets is the sum of unrouted and partially routed nets)
  Number of Unrouted Nets             = 0
  Number of Partially Routed Nets     = 0
  Number of Node Overlaps             = 0

Phase 8 Route finalize | Checksum: 285cf34c0

Time (s): cpu = 00:00:27 ; elapsed = 00:00:28 . Memory (MB): peak = 1964.020 ; gain = 99.973

Phase 9 Verifying routed nets

 Verification completed successfully
Phase 9 Verifying routed nets | Checksum: 285cf34c0

Time (s): cpu = 00:00:27 ; elapsed = 00:00:28 . Memory (MB): peak = 1964.020 ; gain = 99.973

Phase 10 Depositing Routes
Phase 10 Depositing Routes | Checksum: 27f17be03

Time (s): cpu = 00:00:27 ; elapsed = 00:00:28 . Memory (MB): peak = 1964.020 ; gain = 99.973

Phase 11 Post Process Routing
Phase 11 Post Process Routing | Checksum: 27f17be03

Time (s): cpu = 00:00:27 ; elapsed = 00:00:28 . Memory (MB): peak = 1964.020 ; gain = 99.973

Phase 12 Post Router Timing
INFO: [Route 35-57] Estimated Timing Summary | WNS=1.839  | TNS=0.000  | WHS=0.144  | THS=0.000  |

INFO: [Route 35-327] The final timing numbers are based on the router estimated timing analysis. For a complete and accurate timing signoff, please run report_timing_summary.
Phase 12 Post Router Timing | Checksum: 27f17be03

Time (s): cpu = 00:00:27 ; elapsed = 00:00:28 . Memory (MB): peak = 1964.020 ; gain = 99.973
Total Elapsed time in route_design: 27.719 secs

Phase 13 Post-Route Event Processing
Phase 13 Post-Route Event Processing | Checksum: 1ded5035d

Time (s): cpu = 00:00:27 ; elapsed = 00:00:28 . Memory (MB): peak = 1964.020 ; gain = 99.973
INFO: [Route 35-16] Router Completed Successfully
Ending Routing Task | Checksum: 1ded5035d

Time (s): cpu = 00:00:27 ; elapsed = 00:00:28 . Memory (MB): peak = 1964.020 ; gain = 99.973

Routing Is Done.
INFO: [Common 17-83] Releasing license: Implementation
94 Infos, 6 Warnings, 0 Critical Warnings and 0 Errors encountered.
route_design completed successfully
route_design: Time (s): cpu = 00:00:27 ; elapsed = 00:00:28 . Memory (MB): peak = 1964.020 ; gain = 99.973
INFO: [Vivado 12-24828] Executing command : report_drc -file TB_BIKE_drc_routed.rpt -pb TB_BIKE_drc_routed.pb -rpx TB_BIKE_drc_routed.rpx
Command: report_drc -file TB_BIKE_drc_routed.rpt -pb TB_BIKE_drc_routed.pb -rpx TB_BIKE_drc_routed.rpx
INFO: [IP_Flow 19-1839] IP Catalog is up to date.
INFO: [DRC 23-27] Running DRC with 2 threads
INFO: [Vivado_Tcl 2-168] The results of DRC are in file E:/GitHub/viVado_Projects/Bike/Bike.runs/impl_1/TB_BIKE_drc_routed.rpt.
report_drc completed successfully
INFO: [Vivado 12-24828] Executing command : report_methodology -file TB_BIKE_methodology_drc_routed.rpt -pb TB_BIKE_methodology_drc_routed.pb -rpx TB_BIKE_methodology_drc_routed.rpx
Command: report_methodology -file TB_BIKE_methodology_drc_routed.rpt -pb TB_BIKE_methodology_drc_routed.pb -rpx TB_BIKE_methodology_drc_routed.rpx
INFO: [Timing 38-35] Done setting XDC timing constraints.
INFO: [DRC 23-133] Running Methodology with 2 threads
INFO: [Vivado_Tcl 2-1520] The results of Report Methodology are in file E:/GitHub/viVado_Projects/Bike/Bike.runs/impl_1/TB_BIKE_methodology_drc_routed.rpt.
report_methodology completed successfully
INFO: [Vivado 12-24828] Executing command : report_timing_summary -max_paths 10 -report_unconstrained -file TB_BIKE_timing_summary_routed.rpt -pb TB_BIKE_timing_summary_routed.pb -rpx TB_BIKE_timing_summary_routed.rpx -warn_on_violation 
INFO: [Timing 38-35] Done setting XDC timing constraints.
INFO: [Timing 38-91] UpdateTimingParams: Speed grade: -1, Delay Type: min_max.
INFO: [Timing 38-191] Multithreading enabled for timing update using a maximum of 2 CPUs
INFO: [Vivado 12-24838] Running report commands "report_incremental_reuse, report_route_status" in parallel.
Running report generation with 2 threads.
INFO: [Vivado 12-24828] Executing command : report_route_status -file TB_BIKE_route_status.rpt -pb TB_BIKE_route_status.pb
INFO: [Vivado 12-24828] Executing command : report_incremental_reuse -file TB_BIKE_incremental_reuse_routed.rpt
INFO: [Vivado_Tcl 4-1062] Incremental flow is disabled. No incremental reuse Info to report.
INFO: [Vivado 12-24828] Executing command : report_power -file TB_BIKE_power_routed.rpt -pb TB_BIKE_power_summary_routed.pb -rpx TB_BIKE_power_routed.rpx
Command: report_power -file TB_BIKE_power_routed.rpt -pb TB_BIKE_power_summary_routed.pb -rpx TB_BIKE_power_routed.rpx
Running Vector-less Activity Propagation...

Finished Running Vector-less Activity Propagation
111 Infos, 6 Warnings, 0 Critical Warnings and 0 Errors encountered.
report_power completed successfully
INFO: [Vivado 12-24828] Executing command : report_clock_utilization -file TB_BIKE_clock_utilization_routed.rpt
INFO: [Vivado 12-24828] Executing command : report_bus_skew -warn_on_violation -file TB_BIKE_bus_skew_routed.rpt -pb TB_BIKE_bus_skew_routed.pb -rpx TB_BIKE_bus_skew_routed.rpx
INFO: [Timing 38-91] UpdateTimingParams: Speed grade: -1, Delay Type: min_max.
INFO: [Timing 38-191] Multithreading enabled for timing update using a maximum of 2 CPUs
generate_parallel_reports: Time (s): cpu = 00:00:12 ; elapsed = 00:00:08 . Memory (MB): peak = 2031.613 ; gain = 67.594
INFO: [Timing 38-480] Writing timing data to binary archive.
Write ShapeDB Complete: Time (s): cpu = 00:00:00 ; elapsed = 00:00:00.002 . Memory (MB): peak = 2031.613 ; gain = 0.000
Wrote PlaceDB: Time (s): cpu = 00:00:01 ; elapsed = 00:00:00.045 . Memory (MB): peak = 2031.711 ; gain = 0.098
Wrote PulsedLatchDB: Time (s): cpu = 00:00:00 ; elapsed = 00:00:00 . Memory (MB): peak = 2031.711 ; gain = 0.000
Writing XDEF routing.
Writing XDEF routing logical nets.
Writing XDEF routing special nets.
Wrote RouteStorage: Time (s): cpu = 00:00:00 ; elapsed = 00:00:00.030 . Memory (MB): peak = 2031.711 ; gain = 0.000
Wrote Netlist Cache: Time (s): cpu = 00:00:00 ; elapsed = 00:00:00.001 . Memory (MB): peak = 2031.711 ; gain = 0.000
Wrote Device Cache: Time (s): cpu = 00:00:00 ; elapsed = 00:00:00.010 . Memory (MB): peak = 2031.711 ; gain = 0.000
Write Physdb Complete: Time (s): cpu = 00:00:01 ; elapsed = 00:00:00.093 . Memory (MB): peak = 2031.711 ; gain = 0.098
INFO: [Common 17-1381] The checkpoint 'E:/GitHub/viVado_Projects/Bike/Bike.runs/impl_1/TB_BIKE_routed.dcp' has been generated.
Command: write_bitstream -force TB_BIKE.bit
Attempting to get a license for feature 'Implementation' and/or device 'xc7z020'
INFO: [Common 17-349] Got license for feature 'Implementation' and/or device 'xc7z020'
Running DRC as a precondition to command write_bitstream
INFO: [IP_Flow 19-1839] IP Catalog is up to date.
INFO: [DRC 23-27] Running DRC with 2 threads
INFO: [Vivado 12-3199] DRC finished with 0 Errors
INFO: [Vivado 12-3200] Please refer to the DRC report (report_drc) for more information.
INFO: [Designutils 20-2272] Running write_bitstream with 2 threads.
Loading data files...
Loading site data...
Loading route data...
Processing options...
Creating bitmap...
Creating bitstream...
Writing bitstream ./TB_BIKE.bit...
INFO: [Vivado 12-1842] Bitgen Completed Successfully.
INFO: [Project 1-1876] WebTalk data collection is mandatory when using a ULT device. To see the specific WebTalk data collected for your design, open the usage_statistics_webtalk.html or usage_statistics_webtalk.xml file in the implementation directory.
INFO: [Common 17-83] Releasing license: Implementation
126 Infos, 6 Warnings, 0 Critical Warnings and 0 Errors encountered.
write_bitstream completed successfully
write_bitstream: Time (s): cpu = 00:00:14 ; elapsed = 00:00:12 . Memory (MB): peak = 2548.809 ; gain = 517.098
INFO: [Common 17-206] Exiting Vivado at Sun Mar 30 22:44:20 2025...
