Copyright 1986-2022 Xilinx, Inc. All Rights Reserved. Copyright 2022-2024 Advanced Micro Devices, Inc. All Rights Reserved.
---------------------------------------------------------------------------------------------------------------------------------------------
| Tool Version : Vivado v.2024.2 (win64) Build 5239630 Fri Nov 08 22:35:27 MST 2024
| Date         : Sun Mar 30 22:44:03 2025
| Host         : AbdelazizPC running 64-bit major release  (build 9200)
| Command      : report_drc -file TB_BIKE_drc_routed.rpt -pb TB_BIKE_drc_routed.pb -rpx TB_BIKE_drc_routed.rpx
| Design       : TB_BIKE
| Device       : xc7z020clg400-1
| Speed File   : -1
| Design State : Fully Routed
---------------------------------------------------------------------------------------------------------------------------------------------

Report DRC

Table of Contents
-----------------
1. REPORT SUMMARY
2. REPORT DETAILS

1. REPORT SUMMARY
-----------------
            Netlist: netlist
          Floorplan: design_1
      Design limits: <entire design considered>
           Ruledeck: default
             Max checks: <unlimited>
             Checks found: 2
+-----------+----------+--------------------+--------+
| Rule      | Severity | Description        | Checks |
+-----------+----------+--------------------+--------+
| RTSTAT-10 | Warning  | No routable loads  | 1      |
| ZPS7-1    | Warning  | PS7 block required | 1      |
+-----------+----------+--------------------+--------+

2. REPORT DETAILS
-----------------
RTSTAT-10#1 Warning
No routable loads  
257 net(s) have no routable loads. The problem bus(es) and/or net(s) are UUT/REG_SIGMA[0].REG/Q[31:0], UUT/REG_SIGMA[1].REG/Q[31:0],
UUT/REG_SIGMA[2].REG/Q[31:0], UUT/REG_SIGMA[3].REG/Q[31:0],
UUT/REG_SIGMA[4].REG/Q[31:0], UUT/REG_SIGMA[5].REG/Q[31:0],
UUT/REG_SIGMA[6].REG/Q[31:0], UUT/REG_SIGMA[7].REG/Q[31:0]
UUT/SAMPLE_SIGMA/DONE.
Related violations: <none>

ZPS7-1#1 Warning
PS7 block required  
The PS7 cell must be used in this Zynq design in order to enable correct default configuration.
Related violations: <none>


